<?xml version="1.0" encoding="UTF-8"?>
<coverage generated="1769120031342" clover="3.2.0">
  <project timestamp="1769120031342" name="All files">
    <metrics statements="150" coveredstatements="135" conditionals="112" coveredconditionals="97" methods="36" coveredmethods="33" elements="298" coveredelements="265" complexity="0" loc="150" ncloc="150" packages="5" files="12" classes="12"/>
    <package name="components.common.Button">
      <metrics statements="5" coveredstatements="5" conditionals="29" coveredconditionals="25" methods="1" coveredmethods="1"/>
      <file name="Button.module.scss" path="/Users/asaniyanayomidepaul/Documents/work/lendsqr-fe-test/src/components/common/Button/Button.module.scss">
        <metrics statements="0" coveredstatements="0" conditionals="0" coveredconditionals="0" methods="0" coveredmethods="0"/>
      </file>
      <file name="Button.tsx" path="/Users/asaniyanayomidepaul/Documents/work/lendsqr-fe-test/src/components/common/Button/Button.tsx">
        <metrics statements="5" coveredstatements="5" conditionals="29" coveredconditionals="25" methods="1" coveredmethods="1"/>
        <line num="18" count="1" type="stmt"/>
        <line num="39" count="15" type="stmt"/>
        <line num="53" count="15" type="cond" truecount="2" falsecount="0"/>
        <line num="55" count="15" type="stmt"/>
        <line num="91" count="1" type="stmt"/>
      </file>
    </package>
    <package name="components.common.Field">
      <metrics statements="18" coveredstatements="18" conditionals="8" coveredconditionals="6" methods="4" coveredmethods="4"/>
      <file name="Field.module.scss" path="/Users/asaniyanayomidepaul/Documents/work/lendsqr-fe-test/src/components/common/Field/Field.module.scss">
        <metrics statements="0" coveredstatements="0" conditionals="0" coveredconditionals="0" methods="0" coveredmethods="0"/>
      </file>
      <file name="Field.tsx" path="/Users/asaniyanayomidepaul/Documents/work/lendsqr-fe-test/src/components/common/Field/Field.tsx">
        <metrics statements="18" coveredstatements="18" conditionals="8" coveredconditionals="6" methods="4" coveredmethods="4"/>
        <line num="8" count="1" type="stmt"/>
        <line num="10" count="83" type="stmt"/>
        <line num="12" count="83" type="stmt"/>
        <line num="20" count="1" type="stmt"/>
        <line num="26" count="1" type="stmt"/>
        <line num="28" count="77" type="stmt"/>
        <line num="30" count="77" type="stmt"/>
        <line num="38" count="1" type="stmt"/>
        <line num="44" count="1" type="stmt"/>
        <line num="46" count="2" type="stmt"/>
        <line num="48" count="2" type="stmt"/>
        <line num="56" count="1" type="stmt"/>
        <line num="63" count="1" type="stmt"/>
        <line num="65" count="16" type="stmt"/>
        <line num="67" count="16" type="cond" truecount="1" falsecount="1"/>
        <line num="69" count="16" type="cond" truecount="1" falsecount="1"/>
        <line num="71" count="16" type="stmt"/>
        <line num="79" count="1" type="stmt"/>
      </file>
      <file name="index.ts" path="/Users/asaniyanayomidepaul/Documents/work/lendsqr-fe-test/src/components/common/Field/index.ts">
        <metrics statements="0" coveredstatements="0" conditionals="0" coveredconditionals="0" methods="0" coveredmethods="0"/>
      </file>
    </package>
    <package name="components.common.Input">
      <metrics statements="14" coveredstatements="14" conditionals="38" coveredconditionals="37" methods="4" coveredmethods="4"/>
      <file name="BaseInput.module.scss" path="/Users/asaniyanayomidepaul/Documents/work/lendsqr-fe-test/src/components/common/Input/BaseInput.module.scss">
        <metrics statements="0" coveredstatements="0" conditionals="0" coveredconditionals="0" methods="0" coveredmethods="0"/>
      </file>
      <file name="BaseInput.tsx" path="/Users/asaniyanayomidepaul/Documents/work/lendsqr-fe-test/src/components/common/Input/BaseInput.tsx">
        <metrics statements="5" coveredstatements="5" conditionals="14" coveredconditionals="14" methods="1" coveredmethods="1"/>
        <line num="15" count="2" type="stmt"/>
        <line num="30" count="101" type="stmt"/>
        <line num="40" count="101" type="stmt"/>
        <line num="42" count="101" type="stmt"/>
        <line num="65" count="2" type="stmt"/>
      </file>
      <file name="FormInput.module.scss" path="/Users/asaniyanayomidepaul/Documents/work/lendsqr-fe-test/src/components/common/Input/FormInput.module.scss">
        <metrics statements="0" coveredstatements="0" conditionals="0" coveredconditionals="0" methods="0" coveredmethods="0"/>
      </file>
      <file name="FormInput.tsx" path="/Users/asaniyanayomidepaul/Documents/work/lendsqr-fe-test/src/components/common/Input/FormInput.tsx">
        <metrics statements="9" coveredstatements="9" conditionals="24" coveredconditionals="23" methods="3" coveredmethods="3"/>
        <line num="44" count="34" type="stmt"/>
        <line num="45" count="34" type="stmt"/>
        <line num="46" count="34" type="cond" truecount="4" falsecount="0"/>
        <line num="48" count="34" type="stmt"/>
        <line num="49" count="2" type="stmt"/>
        <line num="52" count="34" type="cond" truecount="2" falsecount="0"/>
        <line num="64" count="34" type="stmt"/>
        <line num="72" count="65" type="stmt"/>
        <line num="74" count="65" type="stmt"/>
      </file>
    </package>
    <package name="hooks">
      <metrics statements="71" coveredstatements="62" conditionals="12" coveredconditionals="9" methods="16" coveredmethods="14"/>
      <file name="useUserStorage.ts" path="/Users/asaniyanayomidepaul/Documents/work/lendsqr-fe-test/src/hooks/useUserStorage.ts">
        <metrics statements="71" coveredstatements="62" conditionals="12" coveredconditionals="9" methods="16" coveredmethods="14"/>
        <line num="4" count="1" type="stmt"/>
        <line num="5" count="1" type="stmt"/>
        <line num="6" count="1" type="stmt"/>
        <line num="8" count="1" type="stmt"/>
        <line num="9" count="19" type="stmt"/>
        <line num="12" count="1" type="stmt"/>
        <line num="13" count="10" type="stmt"/>
        <line num="14" count="10" type="stmt"/>
        <line num="16" count="0" type="stmt"/>
        <line num="17" count="0" type="stmt"/>
        <line num="21" count="1" type="stmt"/>
        <line num="22" count="2" type="stmt"/>
        <line num="23" count="2" type="stmt"/>
        <line num="25" count="1" type="stmt"/>
        <line num="26" count="1" type="stmt"/>
        <line num="36" count="10" type="stmt"/>
        <line num="37" count="10" type="stmt"/>
        <line num="38" count="10" type="stmt"/>
        <line num="39" count="10" type="stmt"/>
        <line num="41" count="10" type="stmt"/>
        <line num="44" count="10" type="stmt"/>
        <line num="47" count="10" type="cond" truecount="2" falsecount="0"/>
        <line num="48" count="9" type="stmt"/>
        <line num="49" count="9" type="stmt"/>
        <line num="52" count="9" type="stmt"/>
        <line num="54" count="1" type="stmt"/>
        <line num="55" count="1" type="stmt"/>
        <line num="59" count="10" type="stmt"/>
        <line num="60" count="2" type="stmt"/>
        <line num="61" count="2" type="stmt"/>
        <line num="64" count="10" type="stmt"/>
        <line num="73" count="5" type="stmt"/>
        <line num="74" count="3" type="stmt"/>
        <line num="75" count="3" type="stmt"/>
        <line num="76" count="3" type="stmt"/>
        <line num="78" count="3" type="cond" truecount="2" falsecount="0"/>
        <line num="79" count="1" type="stmt"/>
        <line num="80" count="1" type="stmt"/>
        <line num="83" count="2" type="stmt"/>
        <line num="85" count="1" type="stmt"/>
        <line num="86" count="1" type="stmt"/>
        <line num="90" count="5" type="stmt"/>
        <line num="91" count="2" type="stmt"/>
        <line num="94" count="5" type="stmt"/>
        <line num="104" count="3" type="stmt"/>
        <line num="105" count="2" type="stmt"/>
        <line num="106" count="2" type="stmt"/>
        <line num="107" count="2" type="stmt"/>
        <line num="110" count="2" type="stmt"/>
        <line num="113" count="2" type="stmt"/>
        <line num="114" count="2" type="stmt"/>
        <line num="117" count="2" type="stmt"/>
        <line num="118" count="2" type="cond" truecount="1" falsecount="1"/>
        <line num="119" count="2" type="stmt"/>
        <line num="122" count="0" type="stmt"/>
        <line num="126" count="3" type="stmt"/>
        <line num="127" count="0" type="stmt"/>
        <line num="130" count="3" type="stmt"/>
        <line num="131" count="1" type="stmt"/>
        <line num="132" count="1" type="stmt"/>
        <line num="136" count="1" type="stmt"/>
        <line num="137" count="2" type="stmt"/>
        <line num="138" count="2" type="stmt"/>
        <line num="141" count="1" type="stmt"/>
        <line num="142" count="1" type="stmt"/>
        <line num="144" count="0" type="stmt"/>
        <line num="148" count="3" type="stmt"/>
        <line num="162" count="0" type="stmt"/>
        <line num="163" count="0" type="stmt"/>
        <line num="164" count="0" type="stmt"/>
        <line num="166" count="0" type="stmt"/>
      </file>
    </package>
    <package name="modules.users.hooks">
      <metrics statements="42" coveredstatements="36" conditionals="25" coveredconditionals="20" methods="11" coveredmethods="10"/>
      <file name="useUserDetails.ts" path="/Users/asaniyanayomidepaul/Documents/work/lendsqr-fe-test/src/modules/users/hooks/useUserDetails.ts">
        <metrics statements="22" coveredstatements="18" conditionals="10" coveredconditionals="9" methods="7" coveredmethods="6"/>
        <line num="23" count="7" type="stmt"/>
        <line num="24" count="7" type="stmt"/>
        <line num="27" count="7" type="stmt"/>
        <line num="37" count="7" type="stmt"/>
        <line num="39" count="4" type="cond" truecount="2" falsecount="0"/>
        <line num="40" count="1" type="stmt"/>
        <line num="43" count="3" type="stmt"/>
        <line num="44" count="3" type="stmt"/>
        <line num="46" count="3" type="cond" truecount="2" falsecount="0"/>
        <line num="47" count="2" type="stmt"/>
        <line num="48" count="2" type="stmt"/>
        <line num="56" count="2" type="cond" truecount="1" falsecount="1"/>
        <line num="57" count="2" type="stmt"/>
        <line num="58" count="1" type="stmt"/>
        <line num="67" count="2" type="stmt"/>
        <line num="70" count="0" type="stmt"/>
        <line num="73" count="1" type="stmt"/>
        <line num="74" count="1" type="stmt"/>
        <line num="81" count="0" type="stmt"/>
        <line num="83" count="0" type="stmt"/>
        <line num="84" count="0" type="stmt"/>
        <line num="93" count="7" type="stmt"/>
      </file>
      <file name="useUsersQuery.ts" path="/Users/asaniyanayomidepaul/Documents/work/lendsqr-fe-test/src/modules/users/hooks/useUsersQuery.ts">
        <metrics statements="20" coveredstatements="18" conditionals="15" coveredconditionals="11" methods="4" coveredmethods="4"/>
        <line num="4" count="1" type="stmt"/>
        <line num="11" count="1" type="stmt"/>
        <line num="12" count="2" type="stmt"/>
        <line num="13" count="2" type="stmt"/>
        <line num="15" count="2" type="cond" truecount="2" falsecount="0"/>
        <line num="16" count="1" type="stmt"/>
        <line num="17" count="1" type="stmt"/>
        <line num="22" count="1" type="stmt"/>
        <line num="23" count="1" type="stmt"/>
        <line num="25" count="1" type="cond" truecount="1" falsecount="1"/>
        <line num="26" count="1" type="stmt"/>
        <line num="28" count="0" type="stmt"/>
        <line num="32" count="1" type="cond" truecount="1" falsecount="0"/>
        <line num="33" count="5" type="cond" truecount="2" falsecount="0"/>
        <line num="35" count="5" type="stmt"/>
        <line num="42" count="1" type="cond" truecount="1" falsecount="1"/>
        <line num="46" count="1" type="stmt"/>
        <line num="48" count="0" type="stmt"/>
        <line num="50" count="1" type="stmt"/>
        <line num="53" count="5" type="stmt"/>
      </file>
    </package>
  </project>
</coverage>
