{"/Users/asaniyanayomidepaul/Documents/work/lendsqr-fe-test/src/components/common/Button/Button.module.scss": {"path":"/Users/asaniyanayomidepaul/Documents/work/lendsqr-fe-test/src/components/common/Button/Button.module.scss","statementMap":{},"fnMap":{},"branchMap":{},"s":{},"f":{},"b":{},"meta":{"lastBranch":0,"lastFunction":0,"lastStatement":0,"seen":{}}}
,"/Users/asaniyanayomidepaul/Documents/work/lendsqr-fe-test/src/components/common/Button/Button.tsx": {"path":"/Users/asaniyanayomidepaul/Documents/work/lendsqr-fe-test/src/components/common/Button/Button.tsx","statementMap":{"0":{"start":{"line":18,"column":22},"end":{"line":89,"column":null}},"1":{"start":{"line":39,"column":26},"end":{"line":51,"column":null}},"2":{"start":{"line":53,"column":23},"end":{"line":53,"column":null}},"3":{"start":{"line":55,"column":4},"end":{"line":86,"column":null}},"4":{"start":{"line":91,"column":0},"end":{"line":91,"column":null}}},"fnMap":{"0":{"name":"(anonymous_0)","decl":{"start":{"line":19,"column":2},"end":{"line":19,"column":null}},"loc":{"start":{"line":37,"column":7},"end":{"line":88,"column":null}},"line":37}},"branchMap":{"0":{"loc":{"start":{"line":21,"column":6},"end":{"line":21,"column":null}},"type":"default-arg","locations":[{"start":{"line":21,"column":16},"end":{"line":21,"column":null}}],"line":21},"1":{"loc":{"start":{"line":22,"column":6},"end":{"line":22,"column":null}},"type":"default-arg","locations":[{"start":{"line":22,"column":14},"end":{"line":22,"column":null}}],"line":22},"2":{"loc":{"start":{"line":23,"column":6},"end":{"line":23,"column":null}},"type":"default-arg","locations":[{"start":{"line":23,"column":13},"end":{"line":23,"column":null}}],"line":23},"3":{"loc":{"start":{"line":24,"column":6},"end":{"line":24,"column":null}},"type":"default-arg","locations":[{"start":{"line":24,"column":18},"end":{"line":24,"column":null}}],"line":24},"4":{"loc":{"start":{"line":25,"column":6},"end":{"line":25,"column":null}},"type":"default-arg","locations":[{"start":{"line":25,"column":19},"end":{"line":25,"column":null}}],"line":25},"5":{"loc":{"start":{"line":28,"column":6},"end":{"line":28,"column":null}},"type":"default-arg","locations":[{"start":{"line":28,"column":16},"end":{"line":28,"column":null}}],"line":28},"6":{"loc":{"start":{"line":29,"column":6},"end":{"line":29,"column":null}},"type":"default-arg","locations":[{"start":{"line":29,"column":18},"end":{"line":29,"column":null}}],"line":29},"7":{"loc":{"start":{"line":30,"column":6},"end":{"line":30,"column":null}},"type":"default-arg","locations":[{"start":{"line":30,"column":17},"end":{"line":30,"column":null}}],"line":30},"8":{"loc":{"start":{"line":31,"column":6},"end":{"line":31,"column":null}},"type":"default-arg","locations":[{"start":{"line":31,"column":18},"end":{"line":31,"column":null}}],"line":31},"9":{"loc":{"start":{"line":33,"column":6},"end":{"line":33,"column":null}},"type":"default-arg","locations":[{"start":{"line":33,"column":13},"end":{"line":33,"column":null}}],"line":33},"10":{"loc":{"start":{"line":42,"column":6},"end":{"line":42,"column":null}},"type":"binary-expr","locations":[{"start":{"line":42,"column":6},"end":{"line":42,"column":32}},{"start":{"line":42,"column":32},"end":{"line":42,"column":null}}],"line":42},"11":{"loc":{"start":{"line":44,"column":6},"end":{"line":44,"column":null}},"type":"binary-expr","locations":[{"start":{"line":44,"column":6},"end":{"line":44,"column":19}},{"start":{"line":44,"column":19},"end":{"line":44,"column":null}}],"line":44},"12":{"loc":{"start":{"line":45,"column":6},"end":{"line":45,"column":null}},"type":"binary-expr","locations":[{"start":{"line":45,"column":6},"end":{"line":45,"column":17}},{"start":{"line":45,"column":17},"end":{"line":45,"column":null}}],"line":45},"13":{"loc":{"start":{"line":46,"column":6},"end":{"line":46,"column":null}},"type":"binary-expr","locations":[{"start":{"line":46,"column":6},"end":{"line":46,"column":19}},{"start":{"line":46,"column":19},"end":{"line":46,"column":null}}],"line":46},"14":{"loc":{"start":{"line":47,"column":6},"end":{"line":47,"column":null}},"type":"binary-expr","locations":[{"start":{"line":47,"column":6},"end":{"line":47,"column":35}},{"start":{"line":47,"column":35},"end":{"line":47,"column":null}}],"line":47},"15":{"loc":{"start":{"line":53,"column":23},"end":{"line":53,"column":null}},"type":"binary-expr","locations":[{"start":{"line":53,"column":23},"end":{"line":53,"column":35}},{"start":{"line":53,"column":35},"end":{"line":53,"column":null}}],"line":53},"16":{"loc":{"start":{"line":66,"column":9},"end":{"line":67,"column":null}},"type":"binary-expr","locations":[{"start":{"line":66,"column":9},"end":{"line":66,"column":null}},{"start":{"line":67,"column":10},"end":{"line":67,"column":null}}],"line":66},"17":{"loc":{"start":{"line":71,"column":9},"end":{"line":74,"column":null}},"type":"binary-expr","locations":[{"start":{"line":71,"column":9},"end":{"line":71,"column":21}},{"start":{"line":71,"column":21},"end":{"line":71,"column":null}},{"start":{"line":72,"column":10},"end":{"line":74,"column":null}}],"line":71},"18":{"loc":{"start":{"line":81,"column":9},"end":{"line":84,"column":null}},"type":"binary-expr","locations":[{"start":{"line":81,"column":9},"end":{"line":81,"column":null}},{"start":{"line":82,"column":10},"end":{"line":84,"column":null}}],"line":81}},"s":{"0":1,"1":15,"2":15,"3":15,"4":1},"f":{"0":15},"b":{"0":[15],"1":[15],"2":[15],"3":[15],"4":[15],"5":[15],"6":[15],"7":[15],"8":[15],"9":[15],"10":[15,0],"11":[15,0],"12":[15,5],"13":[15,0],"14":[15,0],"15":[15,13],"16":[15,5],"17":[15,2,1],"18":[15,2]},"meta":{"lastBranch":19,"lastFunction":1,"lastStatement":5,"seen":{"s:18:22:89:Infinity":0,"f:19:2:19:Infinity":0,"b:21:16:21:Infinity":0,"b:22:14:22:Infinity":1,"b:23:13:23:Infinity":2,"b:24:18:24:Infinity":3,"b:25:19:25:Infinity":4,"b:28:16:28:Infinity":5,"b:29:18:29:Infinity":6,"b:30:17:30:Infinity":7,"b:31:18:31:Infinity":8,"b:33:13:33:Infinity":9,"s:39:26:51:Infinity":1,"b:42:6:42:32:42:32:42:Infinity":10,"b:44:6:44:19:44:19:44:Infinity":11,"b:45:6:45:17:45:17:45:Infinity":12,"b:46:6:46:19:46:19:46:Infinity":13,"b:47:6:47:35:47:35:47:Infinity":14,"s:53:23:53:Infinity":2,"b:53:23:53:35:53:35:53:Infinity":15,"s:55:4:86:Infinity":3,"b:66:9:66:Infinity:67:10:67:Infinity":16,"b:71:9:71:21:71:21:71:Infinity:72:10:74:Infinity":17,"b:81:9:81:Infinity:82:10:84:Infinity":18,"s:91:0:91:Infinity":4}}}
,"/Users/asaniyanayomidepaul/Documents/work/lendsqr-fe-test/src/components/common/Field/Field.module.scss": {"path":"/Users/asaniyanayomidepaul/Documents/work/lendsqr-fe-test/src/components/common/Field/Field.module.scss","statementMap":{},"fnMap":{},"branchMap":{},"s":{},"f":{},"b":{},"meta":{"lastBranch":0,"lastFunction":0,"lastStatement":0,"seen":{}}}
,"/Users/asaniyanayomidepaul/Documents/work/lendsqr-fe-test/src/components/common/Field/Field.tsx": {"path":"/Users/asaniyanayomidepaul/Documents/work/lendsqr-fe-test/src/components/common/Field/Field.tsx","statementMap":{"0":{"start":{"line":8,"column":21},"end":{"line":18,"column":null}},"1":{"start":{"line":10,"column":25},"end":{"line":10,"column":null}},"2":{"start":{"line":12,"column":4},"end":{"line":15,"column":null}},"3":{"start":{"line":20,"column":0},"end":{"line":20,"column":null}},"4":{"start":{"line":26,"column":26},"end":{"line":36,"column":null}},"5":{"start":{"line":28,"column":25},"end":{"line":28,"column":null}},"6":{"start":{"line":30,"column":4},"end":{"line":33,"column":null}},"7":{"start":{"line":38,"column":0},"end":{"line":38,"column":null}},"8":{"start":{"line":44,"column":32},"end":{"line":54,"column":null}},"9":{"start":{"line":46,"column":31},"end":{"line":46,"column":null}},"10":{"start":{"line":48,"column":4},"end":{"line":51,"column":null}},"11":{"start":{"line":56,"column":0},"end":{"line":56,"column":null}},"12":{"start":{"line":63,"column":26},"end":{"line":77,"column":null}},"13":{"start":{"line":65,"column":25},"end":{"line":65,"column":null}},"14":{"start":{"line":67,"column":25},"end":{"line":67,"column":null}},"15":{"start":{"line":69,"column":4},"end":{"line":69,"column":null}},"16":{"start":{"line":69,"column":23},"end":{"line":69,"column":null}},"17":{"start":{"line":71,"column":4},"end":{"line":74,"column":null}},"18":{"start":{"line":79,"column":0},"end":{"line":79,"column":null}}},"fnMap":{"0":{"name":"(anonymous_0)","decl":{"start":{"line":9,"column":2},"end":{"line":9,"column":3}},"loc":{"start":{"line":9,"column":51},"end":{"line":17,"column":null}},"line":9},"1":{"name":"(anonymous_1)","decl":{"start":{"line":27,"column":2},"end":{"line":27,"column":3}},"loc":{"start":{"line":27,"column":51},"end":{"line":35,"column":null}},"line":27},"2":{"name":"(anonymous_2)","decl":{"start":{"line":45,"column":2},"end":{"line":45,"column":3}},"loc":{"start":{"line":45,"column":51},"end":{"line":53,"column":null}},"line":45},"3":{"name":"(anonymous_3)","decl":{"start":{"line":64,"column":2},"end":{"line":64,"column":3}},"loc":{"start":{"line":64,"column":59},"end":{"line":76,"column":null}},"line":64}},"branchMap":{"0":{"loc":{"start":{"line":9,"column":15},"end":{"line":9,"column":31}},"type":"default-arg","locations":[{"start":{"line":9,"column":27},"end":{"line":9,"column":31}}],"line":9},"1":{"loc":{"start":{"line":27,"column":15},"end":{"line":27,"column":31}},"type":"default-arg","locations":[{"start":{"line":27,"column":27},"end":{"line":27,"column":31}}],"line":27},"2":{"loc":{"start":{"line":45,"column":15},"end":{"line":45,"column":31}},"type":"default-arg","locations":[{"start":{"line":45,"column":27},"end":{"line":45,"column":31}}],"line":45},"3":{"loc":{"start":{"line":64,"column":23},"end":{"line":64,"column":39}},"type":"default-arg","locations":[{"start":{"line":64,"column":35},"end":{"line":64,"column":39}}],"line":64},"4":{"loc":{"start":{"line":67,"column":25},"end":{"line":67,"column":null}},"type":"binary-expr","locations":[{"start":{"line":67,"column":25},"end":{"line":67,"column":49}},{"start":{"line":67,"column":49},"end":{"line":67,"column":null}}],"line":67},"5":{"loc":{"start":{"line":69,"column":4},"end":{"line":69,"column":null}},"type":"if","locations":[{"start":{"line":69,"column":4},"end":{"line":69,"column":null}},{"start":{},"end":{}}],"line":69}},"s":{"0":1,"1":83,"2":83,"3":1,"4":1,"5":77,"6":77,"7":1,"8":1,"9":2,"10":2,"11":1,"12":1,"13":16,"14":16,"15":16,"16":0,"17":16,"18":1},"f":{"0":83,"1":77,"2":2,"3":16},"b":{"0":[83],"1":[77],"2":[2],"3":[16],"4":[16,0],"5":[0,16]},"meta":{"lastBranch":6,"lastFunction":4,"lastStatement":19,"seen":{"s:8:21:18:Infinity":0,"f:9:2:9:3":0,"b:9:27:9:31":0,"s:10:25:10:Infinity":1,"s:12:4:15:Infinity":2,"s:20:0:20:Infinity":3,"s:26:26:36:Infinity":4,"f:27:2:27:3":1,"b:27:27:27:31":1,"s:28:25:28:Infinity":5,"s:30:4:33:Infinity":6,"s:38:0:38:Infinity":7,"s:44:32:54:Infinity":8,"f:45:2:45:3":2,"b:45:27:45:31":2,"s:46:31:46:Infinity":9,"s:48:4:51:Infinity":10,"s:56:0:56:Infinity":11,"s:63:26:77:Infinity":12,"f:64:2:64:3":3,"b:64:35:64:39":3,"s:65:25:65:Infinity":13,"s:67:25:67:Infinity":14,"b:67:25:67:49:67:49:67:Infinity":4,"b:69:4:69:Infinity:undefined:undefined:undefined:undefined":5,"s:69:4:69:Infinity":15,"s:69:23:69:Infinity":16,"s:71:4:74:Infinity":17,"s:79:0:79:Infinity":18}}}
,"/Users/asaniyanayomidepaul/Documents/work/lendsqr-fe-test/src/components/common/Field/index.ts": {"path":"/Users/asaniyanayomidepaul/Documents/work/lendsqr-fe-test/src/components/common/Field/index.ts","statementMap":{},"fnMap":{},"branchMap":{},"s":{},"f":{},"b":{},"meta":{"lastBranch":0,"lastFunction":0,"lastStatement":0,"seen":{}}}
,"/Users/asaniyanayomidepaul/Documents/work/lendsqr-fe-test/src/components/common/Input/BaseInput.module.scss": {"path":"/Users/asaniyanayomidepaul/Documents/work/lendsqr-fe-test/src/components/common/Input/BaseInput.module.scss","statementMap":{},"fnMap":{},"branchMap":{},"s":{},"f":{},"b":{},"meta":{"lastBranch":0,"lastFunction":0,"lastStatement":0,"seen":{}}}
,"/Users/asaniyanayomidepaul/Documents/work/lendsqr-fe-test/src/components/common/Input/BaseInput.tsx": {"path":"/Users/asaniyanayomidepaul/Documents/work/lendsqr-fe-test/src/components/common/Input/BaseInput.tsx","statementMap":{"0":{"start":{"line":15,"column":25},"end":{"line":63,"column":null}},"1":{"start":{"line":30,"column":29},"end":{"line":38,"column":null}},"2":{"start":{"line":40,"column":25},"end":{"line":40,"column":null}},"3":{"start":{"line":42,"column":4},"end":{"line":60,"column":null}},"4":{"start":{"line":65,"column":0},"end":{"line":65,"column":null}}},"fnMap":{"0":{"name":"(anonymous_0)","decl":{"start":{"line":16,"column":2},"end":{"line":16,"column":null}},"loc":{"start":{"line":29,"column":7},"end":{"line":62,"column":null}},"line":29}},"branchMap":{"0":{"loc":{"start":{"line":18,"column":6},"end":{"line":18,"column":null}},"type":"default-arg","locations":[{"start":{"line":18,"column":16},"end":{"line":18,"column":null}}],"line":18},"1":{"loc":{"start":{"line":21,"column":6},"end":{"line":21,"column":null}},"type":"default-arg","locations":[{"start":{"line":21,"column":14},"end":{"line":21,"column":null}}],"line":21},"2":{"loc":{"start":{"line":22,"column":6},"end":{"line":22,"column":null}},"type":"default-arg","locations":[{"start":{"line":22,"column":17},"end":{"line":22,"column":null}}],"line":22},"3":{"loc":{"start":{"line":23,"column":6},"end":{"line":23,"column":null}},"type":"default-arg","locations":[{"start":{"line":23,"column":27},"end":{"line":23,"column":null}}],"line":23},"4":{"loc":{"start":{"line":24,"column":6},"end":{"line":24,"column":null}},"type":"default-arg","locations":[{"start":{"line":24,"column":18},"end":{"line":24,"column":null}}],"line":24},"5":{"loc":{"start":{"line":25,"column":6},"end":{"line":25,"column":null}},"type":"default-arg","locations":[{"start":{"line":25,"column":13},"end":{"line":25,"column":null}}],"line":25},"6":{"loc":{"start":{"line":33,"column":6},"end":{"line":33,"column":null}},"type":"binary-expr","locations":[{"start":{"line":33,"column":6},"end":{"line":33,"column":15}},{"start":{"line":33,"column":15},"end":{"line":33,"column":null}}],"line":33},"7":{"loc":{"start":{"line":34,"column":6},"end":{"line":34,"column":null}},"type":"binary-expr","locations":[{"start":{"line":34,"column":6},"end":{"line":34,"column":18}},{"start":{"line":34,"column":18},"end":{"line":34,"column":null}}],"line":34},"8":{"loc":{"start":{"line":44,"column":9},"end":{"line":47,"column":null}},"type":"binary-expr","locations":[{"start":{"line":44,"column":9},"end":{"line":44,"column":null}},{"start":{"line":45,"column":10},"end":{"line":47,"column":null}}],"line":44},"9":{"loc":{"start":{"line":59,"column":9},"end":{"line":59,"column":null}},"type":"binary-expr","locations":[{"start":{"line":59,"column":9},"end":{"line":59,"column":22}},{"start":{"line":59,"column":22},"end":{"line":59,"column":null}}],"line":59}},"s":{"0":2,"1":101,"2":101,"3":101,"4":2},"f":{"0":101},"b":{"0":[101],"1":[101],"2":[101],"3":[101],"4":[101],"5":[101],"6":[101,17],"7":[101,1],"8":[101,2],"9":[101,28]},"meta":{"lastBranch":10,"lastFunction":1,"lastStatement":5,"seen":{"s:15:25:63:Infinity":0,"f:16:2:16:Infinity":0,"b:18:16:18:Infinity":0,"b:21:14:21:Infinity":1,"b:22:17:22:Infinity":2,"b:23:27:23:Infinity":3,"b:24:18:24:Infinity":4,"b:25:13:25:Infinity":5,"s:30:29:38:Infinity":1,"b:33:6:33:15:33:15:33:Infinity":6,"b:34:6:34:18:34:18:34:Infinity":7,"s:40:25:40:Infinity":2,"s:42:4:60:Infinity":3,"b:44:9:44:Infinity:45:10:47:Infinity":8,"b:59:9:59:22:59:22:59:Infinity":9,"s:65:0:65:Infinity":4}}}
,"/Users/asaniyanayomidepaul/Documents/work/lendsqr-fe-test/src/components/common/Input/FormInput.module.scss": {"path":"/Users/asaniyanayomidepaul/Documents/work/lendsqr-fe-test/src/components/common/Input/FormInput.module.scss","statementMap":{},"fnMap":{},"branchMap":{},"s":{},"f":{},"b":{},"meta":{"lastBranch":0,"lastFunction":0,"lastStatement":0,"seen":{}}}
,"/Users/asaniyanayomidepaul/Documents/work/lendsqr-fe-test/src/components/common/Input/FormInput.tsx": {"path":"/Users/asaniyanayomidepaul/Documents/work/lendsqr-fe-test/src/components/common/Input/FormInput.tsx","statementMap":{"0":{"start":{"line":44,"column":38},"end":{"line":44,"column":null}},"1":{"start":{"line":45,"column":26},"end":{"line":45,"column":null}},"2":{"start":{"line":46,"column":20},"end":{"line":46,"column":null}},"3":{"start":{"line":48,"column":35},"end":{"line":50,"column":null}},"4":{"start":{"line":49,"column":4},"end":{"line":49,"column":null}},"5":{"start":{"line":52,"column":25},"end":{"line":62,"column":null}},"6":{"start":{"line":64,"column":2},"end":{"line":102,"column":null}},"7":{"start":{"line":72,"column":25},"end":{"line":72,"column":null}},"8":{"start":{"line":74,"column":8},"end":{"line":99,"column":null}}},"fnMap":{"0":{"name":"FormInput","decl":{"start":{"line":33,"column":16},"end":{"line":33,"column":49}},"loc":{"start":{"line":43,"column":22},"end":{"line":104,"column":null}},"line":43},"1":{"name":"(anonymous_1)","decl":{"start":{"line":48,"column":35},"end":{"line":48,"column":41}},"loc":{"start":{"line":48,"column":41},"end":{"line":50,"column":null}},"line":48},"2":{"name":"(anonymous_2)","decl":{"start":{"line":68,"column":14},"end":{"line":68,"column":15}},"loc":{"start":{"line":71,"column":12},"end":{"line":101,"column":null}},"line":71}},"branchMap":{"0":{"loc":{"start":{"line":38,"column":2},"end":{"line":38,"column":null}},"type":"default-arg","locations":[{"start":{"line":38,"column":23},"end":{"line":38,"column":null}}],"line":38},"1":{"loc":{"start":{"line":39,"column":2},"end":{"line":39,"column":null}},"type":"default-arg","locations":[{"start":{"line":39,"column":19},"end":{"line":39,"column":null}}],"line":39},"2":{"loc":{"start":{"line":40,"column":2},"end":{"line":40,"column":null}},"type":"default-arg","locations":[{"start":{"line":40,"column":19},"end":{"line":40,"column":null}}],"line":40},"3":{"loc":{"start":{"line":41,"column":2},"end":{"line":41,"column":null}},"type":"default-arg","locations":[{"start":{"line":41,"column":9},"end":{"line":41,"column":null}}],"line":41},"4":{"loc":{"start":{"line":46,"column":20},"end":{"line":46,"column":null}},"type":"cond-expr","locations":[{"start":{"line":46,"column":54},"end":{"line":46,"column":63}},{"start":{"line":46,"column":63},"end":{"line":46,"column":null}}],"line":46},"5":{"loc":{"start":{"line":46,"column":20},"end":{"line":46,"column":54}},"type":"binary-expr","locations":[{"start":{"line":46,"column":20},"end":{"line":46,"column":39}},{"start":{"line":46,"column":39},"end":{"line":46,"column":54}}],"line":46},"6":{"loc":{"start":{"line":52,"column":25},"end":{"line":62,"column":null}},"type":"cond-expr","locations":[{"start":{"line":53,"column":4},"end":{"line":61,"column":null}},{"start":{"line":62,"column":6},"end":{"line":62,"column":null}}],"line":52},"7":{"loc":{"start":{"line":57,"column":18},"end":{"line":57,"column":null}},"type":"cond-expr","locations":[{"start":{"line":57,"column":33},"end":{"line":57,"column":51}},{"start":{"line":57,"column":51},"end":{"line":57,"column":null}}],"line":57},"8":{"loc":{"start":{"line":60,"column":7},"end":{"line":60,"column":null}},"type":"cond-expr","locations":[{"start":{"line":60,"column":22},"end":{"line":60,"column":31}},{"start":{"line":60,"column":31},"end":{"line":60,"column":null}}],"line":60},"9":{"loc":{"start":{"line":76,"column":13},"end":{"line":79,"column":null}},"type":"binary-expr","locations":[{"start":{"line":76,"column":13},"end":{"line":76,"column":null}},{"start":{"line":77,"column":14},"end":{"line":79,"column":null}}],"line":76},"10":{"loc":{"start":{"line":86,"column":21},"end":{"line":86,"column":null}},"type":"binary-expr","locations":[{"start":{"line":86,"column":21},"end":{"line":86,"column":30}},{"start":{"line":86,"column":30},"end":{"line":86,"column":null}}],"line":86},"11":{"loc":{"start":{"line":90,"column":25},"end":{"line":90,"column":null}},"type":"binary-expr","locations":[{"start":{"line":90,"column":25},"end":{"line":90,"column":43}},{"start":{"line":90,"column":43},"end":{"line":90,"column":null}}],"line":90},"12":{"loc":{"start":{"line":94,"column":13},"end":{"line":94,"column":null}},"type":"binary-expr","locations":[{"start":{"line":94,"column":13},"end":{"line":94,"column":28}},{"start":{"line":94,"column":28},"end":{"line":94,"column":null}}],"line":94},"13":{"loc":{"start":{"line":96,"column":13},"end":{"line":97,"column":null}},"type":"binary-expr","locations":[{"start":{"line":96,"column":13},"end":{"line":96,"column":null}},{"start":{"line":97,"column":14},"end":{"line":97,"column":null}}],"line":96}},"s":{"0":34,"1":34,"2":34,"3":34,"4":2,"5":34,"6":34,"7":65,"8":65},"f":{"0":34,"1":2,"2":65},"b":{"0":[34],"1":[34],"2":[34],"3":[34],"4":[1,33],"5":[34,14],"6":[14,20],"7":[1,13],"8":[1,13],"9":[65,59],"10":[65,32],"11":[65,38],"12":[65,2],"13":[65,0]},"meta":{"lastBranch":14,"lastFunction":3,"lastStatement":9,"seen":{"f:33:16:33:49":0,"b:38:23:38:Infinity":0,"b:39:19:39:Infinity":1,"b:40:19:40:Infinity":2,"b:41:9:41:Infinity":3,"s:44:38:44:Infinity":0,"s:45:26:45:Infinity":1,"s:46:20:46:Infinity":2,"b:46:54:46:63:46:63:46:Infinity":4,"b:46:20:46:39:46:39:46:54":5,"s:48:35:50:Infinity":3,"f:48:35:48:41":1,"s:49:4:49:Infinity":4,"s:52:25:62:Infinity":5,"b:53:4:61:Infinity:62:6:62:Infinity":6,"b:57:33:57:51:57:51:57:Infinity":7,"b:60:22:60:31:60:31:60:Infinity":8,"s:64:2:102:Infinity":6,"f:68:14:68:15":2,"s:72:25:72:Infinity":7,"s:74:8:99:Infinity":8,"b:76:13:76:Infinity:77:14:79:Infinity":9,"b:86:21:86:30:86:30:86:Infinity":10,"b:90:25:90:43:90:43:90:Infinity":11,"b:94:13:94:28:94:28:94:Infinity":12,"b:96:13:96:Infinity:97:14:97:Infinity":13}}}
,"/Users/asaniyanayomidepaul/Documents/work/lendsqr-fe-test/src/hooks/useUserStorage.ts": {"path":"/Users/asaniyanayomidepaul/Documents/work/lendsqr-fe-test/src/hooks/useUserStorage.ts","statementMap":{"0":{"start":{"line":4,"column":27},"end":{"line":4,"column":null}},"1":{"start":{"line":5,"column":28},"end":{"line":5,"column":null}},"2":{"start":{"line":6,"column":30},"end":{"line":6,"column":null}},"3":{"start":{"line":8,"column":26},"end":{"line":10,"column":null}},"4":{"start":{"line":9,"column":2},"end":{"line":9,"column":null}},"5":{"start":{"line":12,"column":22},"end":{"line":19,"column":null}},"6":{"start":{"line":13,"column":2},"end":{"line":18,"column":null}},"7":{"start":{"line":14,"column":4},"end":{"line":14,"column":null}},"8":{"start":{"line":16,"column":4},"end":{"line":16,"column":null}},"9":{"start":{"line":17,"column":4},"end":{"line":17,"column":null}},"10":{"start":{"line":21,"column":24},"end":{"line":28,"column":null}},"11":{"start":{"line":22,"column":2},"end":{"line":27,"column":null}},"12":{"start":{"line":23,"column":4},"end":{"line":23,"column":null}},"13":{"start":{"line":25,"column":4},"end":{"line":25,"column":null}},"14":{"start":{"line":26,"column":4},"end":{"line":26,"column":null}},"15":{"start":{"line":36,"column":8},"end":{"line":57,"column":null}},"16":{"start":{"line":37,"column":4},"end":{"line":56,"column":null}},"17":{"start":{"line":38,"column":18},"end":{"line":38,"column":null}},"18":{"start":{"line":39,"column":25},"end":{"line":39,"column":null}},"19":{"start":{"line":41,"column":6},"end":{"line":41,"column":null}},"20":{"start":{"line":44,"column":23},"end":{"line":46,"column":null}},"21":{"start":{"line":47,"column":6},"end":{"line":50,"column":null}},"22":{"start":{"line":48,"column":8},"end":{"line":48,"column":null}},"23":{"start":{"line":49,"column":8},"end":{"line":49,"column":null}},"24":{"start":{"line":52,"column":6},"end":{"line":52,"column":null}},"25":{"start":{"line":54,"column":6},"end":{"line":54,"column":null}},"26":{"start":{"line":55,"column":6},"end":{"line":55,"column":null}},"27":{"start":{"line":59,"column":8},"end":{"line":62,"column":null}},"28":{"start":{"line":60,"column":16},"end":{"line":60,"column":null}},"29":{"start":{"line":61,"column":4},"end":{"line":61,"column":null}},"30":{"start":{"line":64,"column":2},"end":{"line":64,"column":null}},"31":{"start":{"line":73,"column":8},"end":{"line":88,"column":null}},"32":{"start":{"line":74,"column":4},"end":{"line":87,"column":null}},"33":{"start":{"line":75,"column":18},"end":{"line":75,"column":null}},"34":{"start":{"line":76,"column":19},"end":{"line":76,"column":null}},"35":{"start":{"line":78,"column":6},"end":{"line":81,"column":null}},"36":{"start":{"line":79,"column":8},"end":{"line":79,"column":null}},"37":{"start":{"line":80,"column":8},"end":{"line":80,"column":null}},"38":{"start":{"line":83,"column":6},"end":{"line":83,"column":null}},"39":{"start":{"line":85,"column":6},"end":{"line":85,"column":null}},"40":{"start":{"line":86,"column":6},"end":{"line":86,"column":null}},"41":{"start":{"line":90,"column":8},"end":{"line":92,"column":null}},"42":{"start":{"line":91,"column":4},"end":{"line":91,"column":null}},"43":{"start":{"line":94,"column":2},"end":{"line":94,"column":null}},"44":{"start":{"line":104,"column":8},"end":{"line":124,"column":null}},"45":{"start":{"line":105,"column":4},"end":{"line":123,"column":null}},"46":{"start":{"line":106,"column":18},"end":{"line":106,"column":null}},"47":{"start":{"line":107,"column":6},"end":{"line":107,"column":null}},"48":{"start":{"line":110,"column":23},"end":{"line":112,"column":null}},"49":{"start":{"line":113,"column":26},"end":{"line":113,"column":null}},"50":{"start":{"line":113,"column":58},"end":{"line":113,"column":71}},"51":{"start":{"line":114,"column":6},"end":{"line":114,"column":null}},"52":{"start":{"line":117,"column":28},"end":{"line":117,"column":null}},"53":{"start":{"line":118,"column":6},"end":{"line":120,"column":null}},"54":{"start":{"line":119,"column":8},"end":{"line":119,"column":null}},"55":{"start":{"line":122,"column":6},"end":{"line":122,"column":null}},"56":{"start":{"line":126,"column":8},"end":{"line":128,"column":null}},"57":{"start":{"line":127,"column":4},"end":{"line":127,"column":null}},"58":{"start":{"line":130,"column":8},"end":{"line":146,"column":null}},"59":{"start":{"line":131,"column":4},"end":{"line":145,"column":null}},"60":{"start":{"line":132,"column":23},"end":{"line":134,"column":null}},"61":{"start":{"line":136,"column":6},"end":{"line":139,"column":null}},"62":{"start":{"line":137,"column":20},"end":{"line":137,"column":null}},"63":{"start":{"line":138,"column":8},"end":{"line":138,"column":null}},"64":{"start":{"line":141,"column":6},"end":{"line":141,"column":null}},"65":{"start":{"line":142,"column":6},"end":{"line":142,"column":null}},"66":{"start":{"line":144,"column":6},"end":{"line":144,"column":null}},"67":{"start":{"line":148,"column":2},"end":{"line":148,"column":null}},"68":{"start":{"line":162,"column":34},"end":{"line":162,"column":null}},"69":{"start":{"line":163,"column":45},"end":{"line":163,"column":null}},"70":{"start":{"line":164,"column":58},"end":{"line":164,"column":null}},"71":{"start":{"line":166,"column":2},"end":{"line":174,"column":null}}},"fnMap":{"0":{"name":"(anonymous_0)","decl":{"start":{"line":8,"column":26},"end":{"line":8,"column":27}},"loc":{"start":{"line":8,"column":54},"end":{"line":10,"column":null}},"line":8},"1":{"name":"(anonymous_1)","decl":{"start":{"line":12,"column":22},"end":{"line":12,"column":23}},"loc":{"start":{"line":12,"column":46},"end":{"line":19,"column":null}},"line":12},"2":{"name":"(anonymous_2)","decl":{"start":{"line":21,"column":24},"end":{"line":21,"column":25}},"loc":{"start":{"line":21,"column":48},"end":{"line":28,"column":null}},"line":21},"3":{"name":"useStoreUser","decl":{"start":{"line":35,"column":16},"end":{"line":35,"column":51}},"loc":{"start":{"line":35,"column":51},"end":{"line":65,"column":null}},"line":35},"4":{"name":"(anonymous_4)","decl":{"start":{"line":36,"column":32},"end":{"line":36,"column":33}},"loc":{"start":{"line":36,"column":48},"end":{"line":57,"column":5}},"line":36},"5":{"name":"(anonymous_5)","decl":{"start":{"line":59,"column":31},"end":{"line":59,"column":32}},"loc":{"start":{"line":59,"column":60},"end":{"line":62,"column":5}},"line":59},"6":{"name":"useRetrieveUser","decl":{"start":{"line":72,"column":16},"end":{"line":72,"column":57}},"loc":{"start":{"line":72,"column":57},"end":{"line":95,"column":null}},"line":72},"7":{"name":"(anonymous_7)","decl":{"start":{"line":73,"column":35},"end":{"line":73,"column":36}},"loc":{"start":{"line":73,"column":68},"end":{"line":88,"column":5}},"line":73},"8":{"name":"(anonymous_8)","decl":{"start":{"line":90,"column":39},"end":{"line":90,"column":60}},"loc":{"start":{"line":90,"column":60},"end":{"line":92,"column":5}},"line":90},"9":{"name":"useRemoveUser","decl":{"start":{"line":103,"column":16},"end":{"line":103,"column":53}},"loc":{"start":{"line":103,"column":53},"end":{"line":149,"column":null}},"line":103},"10":{"name":"(anonymous_10)","decl":{"start":{"line":104,"column":33},"end":{"line":104,"column":34}},"loc":{"start":{"line":104,"column":53},"end":{"line":124,"column":5}},"line":104},"11":{"name":"(anonymous_11)","decl":{"start":{"line":113,"column":42},"end":{"line":113,"column":43}},"loc":{"start":{"line":113,"column":58},"end":{"line":113,"column":71}},"line":113},"12":{"name":"(anonymous_12)","decl":{"start":{"line":126,"column":39},"end":{"line":126,"column":45}},"loc":{"start":{"line":126,"column":45},"end":{"line":128,"column":5}},"line":126},"13":{"name":"(anonymous_13)","decl":{"start":{"line":130,"column":36},"end":{"line":130,"column":42}},"loc":{"start":{"line":130,"column":42},"end":{"line":146,"column":5}},"line":130},"14":{"name":"(anonymous_14)","decl":{"start":{"line":136,"column":23},"end":{"line":136,"column":24}},"loc":{"start":{"line":136,"column":43},"end":{"line":139,"column":7}},"line":136},"15":{"name":"useUserStorage","decl":{"start":{"line":161,"column":16},"end":{"line":161,"column":55}},"loc":{"start":{"line":161,"column":55},"end":{"line":175,"column":null}},"line":161}},"branchMap":{"0":{"loc":{"start":{"line":45,"column":8},"end":{"line":45,"column":null}},"type":"binary-expr","locations":[{"start":{"line":45,"column":8},"end":{"line":45,"column":55}},{"start":{"line":45,"column":55},"end":{"line":45,"column":null}}],"line":45},"1":{"loc":{"start":{"line":47,"column":6},"end":{"line":50,"column":null}},"type":"if","locations":[{"start":{"line":47,"column":6},"end":{"line":50,"column":null}},{"start":{},"end":{}}],"line":47},"2":{"loc":{"start":{"line":78,"column":6},"end":{"line":81,"column":null}},"type":"if","locations":[{"start":{"line":78,"column":6},"end":{"line":81,"column":null}},{"start":{},"end":{}}],"line":78},"3":{"loc":{"start":{"line":111,"column":8},"end":{"line":111,"column":null}},"type":"binary-expr","locations":[{"start":{"line":111,"column":8},"end":{"line":111,"column":55}},{"start":{"line":111,"column":55},"end":{"line":111,"column":null}}],"line":111},"4":{"loc":{"start":{"line":118,"column":6},"end":{"line":120,"column":null}},"type":"if","locations":[{"start":{"line":118,"column":6},"end":{"line":120,"column":null}},{"start":{},"end":{}}],"line":118},"5":{"loc":{"start":{"line":133,"column":8},"end":{"line":133,"column":null}},"type":"binary-expr","locations":[{"start":{"line":133,"column":8},"end":{"line":133,"column":55}},{"start":{"line":133,"column":55},"end":{"line":133,"column":null}}],"line":133}},"s":{"0":1,"1":1,"2":1,"3":1,"4":19,"5":1,"6":10,"7":10,"8":0,"9":0,"10":1,"11":2,"12":2,"13":1,"14":1,"15":10,"16":10,"17":10,"18":10,"19":10,"20":10,"21":10,"22":9,"23":9,"24":9,"25":1,"26":1,"27":10,"28":2,"29":2,"30":10,"31":5,"32":3,"33":3,"34":3,"35":3,"36":1,"37":1,"38":2,"39":1,"40":1,"41":5,"42":2,"43":5,"44":3,"45":2,"46":2,"47":2,"48":2,"49":2,"50":2,"51":2,"52":2,"53":2,"54":2,"55":0,"56":3,"57":0,"58":3,"59":1,"60":1,"61":1,"62":2,"63":2,"64":1,"65":1,"66":0,"67":3,"68":0,"69":0,"70":0,"71":0},"f":{"0":19,"1":10,"2":2,"3":10,"4":10,"5":2,"6":5,"7":3,"8":2,"9":3,"10":2,"11":2,"12":0,"13":1,"14":2,"15":0},"b":{"0":[10,8],"1":[9,1],"2":[1,2],"3":[2,0],"4":[2,0],"5":[1,0]},"meta":{"lastBranch":6,"lastFunction":16,"lastStatement":72,"seen":{"s:4:27:4:Infinity":0,"s:5:28:5:Infinity":1,"s:6:30:6:Infinity":2,"s:8:26:10:Infinity":3,"f:8:26:8:27":0,"s:9:2:9:Infinity":4,"s:12:22:19:Infinity":5,"f:12:22:12:23":1,"s:13:2:18:Infinity":6,"s:14:4:14:Infinity":7,"s:16:4:16:Infinity":8,"s:17:4:17:Infinity":9,"s:21:24:28:Infinity":10,"f:21:24:21:25":2,"s:22:2:27:Infinity":11,"s:23:4:23:Infinity":12,"s:25:4:25:Infinity":13,"s:26:4:26:Infinity":14,"f:35:16:35:51":3,"s:36:8:57:Infinity":15,"f:36:32:36:33":4,"s:37:4:56:Infinity":16,"s:38:18:38:Infinity":17,"s:39:25:39:Infinity":18,"s:41:6:41:Infinity":19,"s:44:23:46:Infinity":20,"b:45:8:45:55:45:55:45:Infinity":0,"b:47:6:50:Infinity:undefined:undefined:undefined:undefined":1,"s:47:6:50:Infinity":21,"s:48:8:48:Infinity":22,"s:49:8:49:Infinity":23,"s:52:6:52:Infinity":24,"s:54:6:54:Infinity":25,"s:55:6:55:Infinity":26,"s:59:8:62:Infinity":27,"f:59:31:59:32":5,"s:60:16:60:Infinity":28,"s:61:4:61:Infinity":29,"s:64:2:64:Infinity":30,"f:72:16:72:57":6,"s:73:8:88:Infinity":31,"f:73:35:73:36":7,"s:74:4:87:Infinity":32,"s:75:18:75:Infinity":33,"s:76:19:76:Infinity":34,"b:78:6:81:Infinity:undefined:undefined:undefined:undefined":2,"s:78:6:81:Infinity":35,"s:79:8:79:Infinity":36,"s:80:8:80:Infinity":37,"s:83:6:83:Infinity":38,"s:85:6:85:Infinity":39,"s:86:6:86:Infinity":40,"s:90:8:92:Infinity":41,"f:90:39:90:60":8,"s:91:4:91:Infinity":42,"s:94:2:94:Infinity":43,"f:103:16:103:53":9,"s:104:8:124:Infinity":44,"f:104:33:104:34":10,"s:105:4:123:Infinity":45,"s:106:18:106:Infinity":46,"s:107:6:107:Infinity":47,"s:110:23:112:Infinity":48,"b:111:8:111:55:111:55:111:Infinity":3,"s:113:26:113:Infinity":49,"f:113:42:113:43":11,"s:113:58:113:71":50,"s:114:6:114:Infinity":51,"s:117:28:117:Infinity":52,"b:118:6:120:Infinity:undefined:undefined:undefined:undefined":4,"s:118:6:120:Infinity":53,"s:119:8:119:Infinity":54,"s:122:6:122:Infinity":55,"s:126:8:128:Infinity":56,"f:126:39:126:45":12,"s:127:4:127:Infinity":57,"s:130:8:146:Infinity":58,"f:130:36:130:42":13,"s:131:4:145:Infinity":59,"s:132:23:134:Infinity":60,"b:133:8:133:55:133:55:133:Infinity":5,"s:136:6:139:Infinity":61,"f:136:23:136:24":14,"s:137:20:137:Infinity":62,"s:138:8:138:Infinity":63,"s:141:6:141:Infinity":64,"s:142:6:142:Infinity":65,"s:144:6:144:Infinity":66,"s:148:2:148:Infinity":67,"f:161:16:161:55":15,"s:162:34:162:Infinity":68,"s:163:45:163:Infinity":69,"s:164:58:164:Infinity":70,"s:166:2:174:Infinity":71}}}
,"/Users/asaniyanayomidepaul/Documents/work/lendsqr-fe-test/src/modules/users/hooks/useUserDetails.ts": {"path":"/Users/asaniyanayomidepaul/Documents/work/lendsqr-fe-test/src/modules/users/hooks/useUserDetails.ts","statementMap":{"0":{"start":{"line":23,"column":8},"end":{"line":23,"column":null}},"1":{"start":{"line":24,"column":23},"end":{"line":24,"column":null}},"2":{"start":{"line":27,"column":24},"end":{"line":35,"column":null}},"3":{"start":{"line":37,"column":2},"end":{"line":91,"column":null}},"4":{"start":{"line":39,"column":4},"end":{"line":41,"column":null}},"5":{"start":{"line":40,"column":6},"end":{"line":40,"column":null}},"6":{"start":{"line":43,"column":4},"end":{"line":90,"column":null}},"7":{"start":{"line":44,"column":25},"end":{"line":44,"column":null}},"8":{"start":{"line":46,"column":6},"end":{"line":71,"column":null}},"9":{"start":{"line":47,"column":8},"end":{"line":53,"column":null}},"10":{"start":{"line":48,"column":10},"end":{"line":52,"column":null}},"11":{"start":{"line":56,"column":8},"end":{"line":68,"column":null}},"12":{"start":{"line":57,"column":24},"end":{"line":65,"column":null}},"13":{"start":{"line":58,"column":12},"end":{"line":64,"column":null}},"14":{"start":{"line":67,"column":10},"end":{"line":67,"column":null}},"15":{"start":{"line":67,"column":23},"end":{"line":67,"column":null}},"16":{"start":{"line":70,"column":8},"end":{"line":70,"column":null}},"17":{"start":{"line":73,"column":6},"end":{"line":79,"column":null}},"18":{"start":{"line":74,"column":8},"end":{"line":78,"column":null}},"19":{"start":{"line":81,"column":6},"end":{"line":81,"column":null}},"20":{"start":{"line":83,"column":6},"end":{"line":89,"column":null}},"21":{"start":{"line":84,"column":8},"end":{"line":88,"column":null}},"22":{"start":{"line":93,"column":2},"end":{"line":93,"column":null}}},"fnMap":{"0":{"name":"useUserDetails","decl":{"start":{"line":18,"column":16},"end":{"line":18,"column":31}},"loc":{"start":{"line":22,"column":48},"end":{"line":94,"column":null}},"line":22},"1":{"name":"(anonymous_1)","decl":{"start":{"line":37,"column":12},"end":{"line":37,"column":18}},"loc":{"start":{"line":37,"column":18},"end":{"line":91,"column":5}},"line":37},"2":{"name":"(anonymous_2)","decl":{"start":{"line":47,"column":19},"end":{"line":47,"column":25}},"loc":{"start":{"line":47,"column":25},"end":{"line":53,"column":11}},"line":47},"3":{"name":"(anonymous_3)","decl":{"start":{"line":57,"column":35},"end":{"line":57,"column":41}},"loc":{"start":{"line":57,"column":41},"end":{"line":65,"column":13}},"line":57},"4":{"name":"(anonymous_4)","decl":{"start":{"line":67,"column":17},"end":{"line":67,"column":23}},"loc":{"start":{"line":67,"column":23},"end":{"line":67,"column":null}},"line":67},"5":{"name":"(anonymous_5)","decl":{"start":{"line":73,"column":17},"end":{"line":73,"column":23}},"loc":{"start":{"line":73,"column":23},"end":{"line":79,"column":9}},"line":73},"6":{"name":"(anonymous_6)","decl":{"start":{"line":83,"column":17},"end":{"line":83,"column":23}},"loc":{"start":{"line":83,"column":23},"end":{"line":89,"column":9}},"line":83}},"branchMap":{"0":{"loc":{"start":{"line":20,"column":2},"end":{"line":20,"column":null}},"type":"default-arg","locations":[{"start":{"line":20,"column":20},"end":{"line":20,"column":null}}],"line":20},"1":{"loc":{"start":{"line":21,"column":2},"end":{"line":21,"column":null}},"type":"default-arg","locations":[{"start":{"line":21,"column":18},"end":{"line":21,"column":null}}],"line":21},"2":{"loc":{"start":{"line":34,"column":11},"end":{"line":34,"column":null}},"type":"cond-expr","locations":[{"start":{"line":34,"column":20},"end":{"line":34,"column":27}},{"start":{"line":34,"column":27},"end":{"line":34,"column":null}}],"line":34},"3":{"loc":{"start":{"line":39,"column":4},"end":{"line":41,"column":null}},"type":"if","locations":[{"start":{"line":39,"column":4},"end":{"line":41,"column":null}},{"start":{},"end":{}}],"line":39},"4":{"loc":{"start":{"line":46,"column":6},"end":{"line":71,"column":null}},"type":"if","locations":[{"start":{"line":46,"column":6},"end":{"line":71,"column":null}},{"start":{},"end":{}}],"line":46},"5":{"loc":{"start":{"line":56,"column":8},"end":{"line":68,"column":null}},"type":"if","locations":[{"start":{"line":56,"column":8},"end":{"line":68,"column":null}},{"start":{},"end":{}}],"line":56}},"s":{"0":7,"1":7,"2":7,"3":7,"4":4,"5":1,"6":3,"7":3,"8":3,"9":2,"10":2,"11":2,"12":2,"13":1,"14":2,"15":2,"16":0,"17":1,"18":1,"19":0,"20":0,"21":0,"22":7},"f":{"0":7,"1":4,"2":2,"3":1,"4":2,"5":1,"6":0},"b":{"0":[7],"1":[7],"2":[6,1],"3":[1,3],"4":[2,1],"5":[2,0]},"meta":{"lastBranch":6,"lastFunction":7,"lastStatement":23,"seen":{"f:18:16:18:31":0,"b:20:20:20:Infinity":0,"b:21:18:21:Infinity":1,"s:23:8:23:Infinity":0,"s:24:23:24:Infinity":1,"s:27:24:35:Infinity":2,"b:34:20:34:27:34:27:34:Infinity":2,"s:37:2:91:Infinity":3,"f:37:12:37:18":1,"b:39:4:41:Infinity:undefined:undefined:undefined:undefined":3,"s:39:4:41:Infinity":4,"s:40:6:40:Infinity":5,"s:43:4:90:Infinity":6,"s:44:25:44:Infinity":7,"b:46:6:71:Infinity:undefined:undefined:undefined:undefined":4,"s:46:6:71:Infinity":8,"s:47:8:53:Infinity":9,"f:47:19:47:25":2,"s:48:10:52:Infinity":10,"b:56:8:68:Infinity:undefined:undefined:undefined:undefined":5,"s:56:8:68:Infinity":11,"s:57:24:65:Infinity":12,"f:57:35:57:41":3,"s:58:12:64:Infinity":13,"s:67:10:67:Infinity":14,"f:67:17:67:23":4,"s:67:23:67:Infinity":15,"s:70:8:70:Infinity":16,"s:73:6:79:Infinity":17,"f:73:17:73:23":5,"s:74:8:78:Infinity":18,"s:81:6:81:Infinity":19,"s:83:6:89:Infinity":20,"f:83:17:83:23":6,"s:84:8:88:Infinity":21,"s:93:2:93:Infinity":22}}}
,"/Users/asaniyanayomidepaul/Documents/work/lendsqr-fe-test/src/modules/users/hooks/useUsersQuery.ts": {"path":"/Users/asaniyanayomidepaul/Documents/work/lendsqr-fe-test/src/modules/users/hooks/useUsersQuery.ts","statementMap":{"0":{"start":{"line":4,"column":27},"end":{"line":4,"column":null}},"1":{"start":{"line":11,"column":19},"end":{"line":30,"column":null}},"2":{"start":{"line":12,"column":2},"end":{"line":29,"column":null}},"3":{"start":{"line":13,"column":21},"end":{"line":13,"column":null}},"4":{"start":{"line":15,"column":4},"end":{"line":20,"column":null}},"5":{"start":{"line":16,"column":34},"end":{"line":16,"column":null}},"6":{"start":{"line":17,"column":6},"end":{"line":19,"column":null}},"7":{"start":{"line":22,"column":25},"end":{"line":22,"column":null}},"8":{"start":{"line":23,"column":4},"end":{"line":23,"column":null}},"9":{"start":{"line":25,"column":4},"end":{"line":27,"column":null}},"10":{"start":{"line":26,"column":6},"end":{"line":26,"column":null}},"11":{"start":{"line":28,"column":4},"end":{"line":28,"column":null}},"12":{"start":{"line":32,"column":29},"end":{"line":61,"column":null}},"13":{"start":{"line":33,"column":61},"end":{"line":33,"column":null}},"14":{"start":{"line":35,"column":8},"end":{"line":51,"column":null}},"15":{"start":{"line":42,"column":6},"end":{"line":47,"column":null}},"16":{"start":{"line":46,"column":8},"end":{"line":46,"column":null}},"17":{"start":{"line":48,"column":6},"end":{"line":48,"column":null}},"18":{"start":{"line":50,"column":34},"end":{"line":50,"column":null}},"19":{"start":{"line":53,"column":2},"end":{"line":60,"column":null}}},"fnMap":{"0":{"name":"(anonymous_0)","decl":{"start":{"line":11,"column":19},"end":{"line":11,"column":48}},"loc":{"start":{"line":11,"column":48},"end":{"line":30,"column":null}},"line":11},"1":{"name":"(anonymous_1)","decl":{"start":{"line":32,"column":29},"end":{"line":32,"column":30}},"loc":{"start":{"line":32,"column":69},"end":{"line":61,"column":null}},"line":32},"2":{"name":"(anonymous_2)","decl":{"start":{"line":40,"column":11},"end":{"line":40,"column":12}},"loc":{"start":{"line":40,"column":36},"end":{"line":49,"column":null}},"line":40},"3":{"name":"(anonymous_3)","decl":{"start":{"line":50,"column":16},"end":{"line":50,"column":17}},"loc":{"start":{"line":50,"column":34},"end":{"line":50,"column":null}},"line":50}},"branchMap":{"0":{"loc":{"start":{"line":15,"column":4},"end":{"line":20,"column":null}},"type":"if","locations":[{"start":{"line":15,"column":4},"end":{"line":20,"column":null}},{"start":{},"end":{}}],"line":15},"1":{"loc":{"start":{"line":18,"column":8},"end":{"line":18,"column":null}},"type":"binary-expr","locations":[{"start":{"line":18,"column":8},"end":{"line":18,"column":29}},{"start":{"line":18,"column":29},"end":{"line":18,"column":null}}],"line":18},"2":{"loc":{"start":{"line":25,"column":4},"end":{"line":27,"column":null}},"type":"if","locations":[{"start":{"line":25,"column":4},"end":{"line":27,"column":null}},{"start":{},"end":{}}],"line":25},"3":{"loc":{"start":{"line":32,"column":30},"end":{"line":32,"column":69}},"type":"default-arg","locations":[{"start":{"line":32,"column":62},"end":{"line":32,"column":69}}],"line":32},"4":{"loc":{"start":{"line":33,"column":10},"end":{"line":33,"column":26}},"type":"default-arg","locations":[{"start":{"line":33,"column":20},"end":{"line":33,"column":26}}],"line":33},"5":{"loc":{"start":{"line":33,"column":26},"end":{"line":33,"column":57}},"type":"default-arg","locations":[{"start":{"line":33,"column":38},"end":{"line":33,"column":57}}],"line":33},"6":{"loc":{"start":{"line":42,"column":6},"end":{"line":47,"column":null}},"type":"if","locations":[{"start":{"line":42,"column":6},"end":{"line":47,"column":null}},{"start":{},"end":{}}],"line":42},"7":{"loc":{"start":{"line":43,"column":8},"end":{"line":44,"column":null}},"type":"binary-expr","locations":[{"start":{"line":43,"column":8},"end":{"line":43,"column":null}},{"start":{"line":44,"column":8},"end":{"line":44,"column":null}}],"line":43},"8":{"loc":{"start":{"line":54,"column":11},"end":{"line":54,"column":null}},"type":"binary-expr","locations":[{"start":{"line":54,"column":11},"end":{"line":54,"column":25}},{"start":{"line":54,"column":25},"end":{"line":54,"column":null}}],"line":54}},"s":{"0":1,"1":1,"2":2,"3":2,"4":2,"5":1,"6":1,"7":1,"8":1,"9":1,"10":1,"11":0,"12":1,"13":5,"14":5,"15":1,"16":1,"17":0,"18":1,"19":5},"f":{"0":2,"1":5,"2":1,"3":1},"b":{"0":[1,1],"1":[1,0],"2":[1,0],"3":[5],"4":[5],"5":[5],"6":[1,0],"7":[1,0],"8":[5,4]},"meta":{"lastBranch":9,"lastFunction":4,"lastStatement":20,"seen":{"s:4:27:4:Infinity":0,"s:11:19:30:Infinity":1,"f:11:19:11:48":0,"s:12:2:29:Infinity":2,"s:13:21:13:Infinity":3,"b:15:4:20:Infinity:undefined:undefined:undefined:undefined":0,"s:15:4:20:Infinity":4,"s:16:34:16:Infinity":5,"s:17:6:19:Infinity":6,"b:18:8:18:29:18:29:18:Infinity":1,"s:22:25:22:Infinity":7,"s:23:4:23:Infinity":8,"b:25:4:27:Infinity:undefined:undefined:undefined:undefined":2,"s:25:4:27:Infinity":9,"s:26:6:26:Infinity":10,"s:28:4:28:Infinity":11,"s:32:29:61:Infinity":12,"f:32:29:32:30":1,"b:32:62:32:69":3,"s:33:61:33:Infinity":13,"b:33:20:33:26":4,"b:33:38:33:57":5,"s:35:8:51:Infinity":14,"f:40:11:40:12":2,"b:42:6:47:Infinity:undefined:undefined:undefined:undefined":6,"s:42:6:47:Infinity":15,"b:43:8:43:Infinity:44:8:44:Infinity":7,"s:46:8:46:Infinity":16,"s:48:6:48:Infinity":17,"f:50:16:50:17":3,"s:50:34:50:Infinity":18,"s:53:2:60:Infinity":19,"b:54:11:54:25:54:25:54:Infinity":8}}}
}
